{"/Users/ototoi/Documents/Code/planning/models/connection.js":{"path":"/Users/ototoi/Documents/Code/planning/models/connection.js","s":{"1":1,"2":1,"3":1,"4":1,"5":0,"6":1,"7":0,"8":0},"b":{"1":[1,0],"2":[0,0]},"f":{"1":0},"fnMap":{"1":{"name":"listenToConnectionOpen","line":11,"loc":{"start":{"line":11,"column":17},"end":{"line":11,"column":61}}}},"statementMap":{"1":{"start":{"line":1,"column":0},"end":{"line":1,"column":36}},"2":{"start":{"line":3,"column":0},"end":{"line":3,"column":106}},"3":{"start":{"line":5,"column":0},"end":{"line":5,"column":30}},"4":{"start":{"line":7,"column":0},"end":{"line":9,"column":2}},"5":{"start":{"line":8,"column":4},"end":{"line":8,"column":59}},"6":{"start":{"line":11,"column":0},"end":{"line":15,"column":1}},"7":{"start":{"line":12,"column":4},"end":{"line":14,"column":5}},"8":{"start":{"line":13,"column":8},"end":{"line":13,"column":32}}},"branchMap":{"1":{"line":3,"type":"cond-expr","locations":[{"start":{"line":3,"column":51},"end":{"line":3,"column":79}},{"start":{"line":3,"column":82},"end":{"line":3,"column":105}}]},"2":{"line":12,"type":"if","locations":[{"start":{"line":12,"column":4},"end":{"line":12,"column":4}},{"start":{"line":12,"column":4},"end":{"line":12,"column":4}}]}}},"/Users/ototoi/Documents/Code/planning/models/day.js":{"path":"/Users/ototoi/Documents/Code/planning/models/day.js","s":{"1":1,"2":1,"3":1,"4":1,"5":1,"6":1,"7":1,"8":1,"9":2,"10":1,"11":1,"12":1,"13":1,"14":1,"15":2,"16":2,"17":2,"18":2,"19":2,"20":2,"21":1458,"22":1458,"23":0,"24":0,"25":0,"26":0,"27":0,"28":0,"29":0,"30":0,"31":0,"32":0,"33":0,"34":1458,"35":2,"36":1,"37":0,"38":1,"39":1},"b":{"1":[0,1458],"2":[0,0],"3":[0,0],"4":[0,0],"5":[0,0],"6":[0,0],"7":[0,0],"8":[0,0],"9":[0,0]},"f":{"1":1,"2":1,"3":2,"4":1,"5":1,"6":2,"7":0},"fnMap":{"1":{"name":"findOrCreate","line":16,"loc":{"start":{"line":16,"column":33},"end":{"line":16,"column":66}}},"2":{"name":"getDay","line":24,"loc":{"start":{"line":24,"column":27},"end":{"line":24,"column":48}}},"3":{"name":"getDays","line":28,"loc":{"start":{"line":28,"column":28},"end":{"line":28,"column":58}}},"4":{"name":"getFirstDay","line":32,"loc":{"start":{"line":32,"column":32},"end":{"line":32,"column":66}}},"5":{"name":"getLastDay","line":36,"loc":{"start":{"line":36,"column":31},"end":{"line":36,"column":64}}},"6":{"name":"configCalendar","line":40,"loc":{"start":{"line":40,"column":35},"end":{"line":40,"column":78}}},"7":{"name":"updateDay","line":85,"loc":{"start":{"line":85,"column":30},"end":{"line":85,"column":60}}}},"statementMap":{"1":{"start":{"line":1,"column":0},"end":{"line":4,"column":44}},"2":{"start":{"line":6,"column":0},"end":{"line":6,"column":33}},"3":{"start":{"line":8,"column":0},"end":{"line":14,"column":2}},"4":{"start":{"line":16,"column":0},"end":{"line":22,"column":1}},"5":{"start":{"line":17,"column":4},"end":{"line":21,"column":5}},"6":{"start":{"line":24,"column":0},"end":{"line":26,"column":1}},"7":{"start":{"line":25,"column":4},"end":{"line":25,"column":35}},"8":{"start":{"line":28,"column":0},"end":{"line":30,"column":1}},"9":{"start":{"line":29,"column":4},"end":{"line":29,"column":59}},"10":{"start":{"line":32,"column":0},"end":{"line":34,"column":1}},"11":{"start":{"line":33,"column":4},"end":{"line":33,"column":68}},"12":{"start":{"line":36,"column":0},"end":{"line":38,"column":1}},"13":{"start":{"line":37,"column":4},"end":{"line":37,"column":69}},"14":{"start":{"line":40,"column":0},"end":{"line":83,"column":1}},"15":{"start":{"line":42,"column":4},"end":{"line":42,"column":23}},"16":{"start":{"line":44,"column":4},"end":{"line":44,"column":127}},"17":{"start":{"line":46,"column":4},"end":{"line":46,"column":126}},"18":{"start":{"line":48,"column":4},"end":{"line":48,"column":51}},"19":{"start":{"line":51,"column":4},"end":{"line":51,"column":19}},"20":{"start":{"line":53,"column":4},"end":{"line":81,"column":5}},"21":{"start":{"line":56,"column":8},"end":{"line":79,"column":10}},"22":{"start":{"line":59,"column":12},"end":{"line":78,"column":13}},"23":{"start":{"line":61,"column":16},"end":{"line":61,"column":24}},"24":{"start":{"line":63,"column":16},"end":{"line":63,"column":62}},"25":{"start":{"line":64,"column":16},"end":{"line":72,"column":17}},"26":{"start":{"line":65,"column":20},"end":{"line":65,"column":31}},"27":{"start":{"line":66,"column":22},"end":{"line":72,"column":17}},"28":{"start":{"line":67,"column":20},"end":{"line":67,"column":31}},"29":{"start":{"line":68,"column":22},"end":{"line":72,"column":17}},"30":{"start":{"line":69,"column":20},"end":{"line":69,"column":80}},"31":{"start":{"line":70,"column":22},"end":{"line":72,"column":17}},"32":{"start":{"line":71,"column":20},"end":{"line":71,"column":31}},"33":{"start":{"line":73,"column":16},"end":{"line":77,"column":17}},"34":{"start":{"line":80,"column":8},"end":{"line":80,"column":35}},"35":{"start":{"line":82,"column":4},"end":{"line":82,"column":34}},"36":{"start":{"line":85,"column":0},"end":{"line":90,"column":1}},"37":{"start":{"line":86,"column":4},"end":{"line":89,"column":5}},"38":{"start":{"line":92,"column":0},"end":{"line":92,"column":46}},"39":{"start":{"line":94,"column":0},"end":{"line":94,"column":22}}},"branchMap":{"1":{"line":59,"type":"if","locations":[{"start":{"line":59,"column":12},"end":{"line":59,"column":12}},{"start":{"line":59,"column":12},"end":{"line":59,"column":12}}]},"2":{"line":64,"type":"if","locations":[{"start":{"line":64,"column":16},"end":{"line":64,"column":16}},{"start":{"line":64,"column":16},"end":{"line":64,"column":16}}]},"3":{"line":64,"type":"binary-expr","locations":[{"start":{"line":64,"column":19},"end":{"line":64,"column":37}},{"start":{"line":64,"column":41},"end":{"line":64,"column":59}}]},"4":{"line":66,"type":"if","locations":[{"start":{"line":66,"column":22},"end":{"line":66,"column":22}},{"start":{"line":66,"column":22},"end":{"line":66,"column":22}}]},"5":{"line":66,"type":"binary-expr","locations":[{"start":{"line":66,"column":25},"end":{"line":66,"column":43}},{"start":{"line":66,"column":47},"end":{"line":66,"column":65}}]},"6":{"line":68,"type":"if","locations":[{"start":{"line":68,"column":22},"end":{"line":68,"column":22}},{"start":{"line":68,"column":22},"end":{"line":68,"column":22}}]},"7":{"line":69,"type":"cond-expr","locations":[{"start":{"line":69,"column":69},"end":{"line":69,"column":73}},{"start":{"line":69,"column":76},"end":{"line":69,"column":80}}]},"8":{"line":70,"type":"if","locations":[{"start":{"line":70,"column":22},"end":{"line":70,"column":22}},{"start":{"line":70,"column":22},"end":{"line":70,"column":22}}]},"9":{"line":70,"type":"binary-expr","locations":[{"start":{"line":70,"column":25},"end":{"line":70,"column":43}},{"start":{"line":70,"column":47},"end":{"line":70,"column":65}}]}}},"/Users/ototoi/Documents/Code/planning/browser/scripts/calendar.js":{"path":"/Users/ototoi/Documents/Code/planning/browser/scripts/calendar.js","s":{"1":1,"2":1,"3":1,"4":1,"5":0,"6":0,"7":0,"8":0,"9":0,"10":0,"11":0,"12":1,"13":1,"14":1,"15":1,"16":1,"17":1,"18":1,"19":729,"20":1,"21":729,"22":729,"23":1,"24":1,"25":0,"26":0,"27":0,"28":0,"29":0,"30":0,"31":0,"32":0,"33":0,"34":0,"35":0,"36":0,"37":0,"38":0,"39":0,"40":0,"41":0,"42":0,"43":0,"44":0,"45":0,"46":1,"47":9,"48":9,"49":5,"50":4,"51":4,"52":4,"53":2,"54":2,"55":0,"56":9,"57":1,"58":9,"59":5,"60":9,"61":1,"62":0,"63":0,"64":0,"65":0,"66":0,"67":0,"68":1,"69":0,"70":1,"71":0,"72":1,"73":1,"74":1,"75":1,"76":1},"b":{"1":[0,0],"2":[0,0],"3":[0,0],"4":[0,0],"5":[0,0],"6":[0,0],"7":[5,4],"8":[4,0],"9":[4,2],"10":[2,2],"11":[4,3],"12":[4,2],"13":[3,1],"14":[1,1],"15":[1,8],"16":[9,9],"17":[5,4]},"f":{"1":0,"2":1,"3":729,"4":729,"5":729,"6":0,"7":0,"8":0,"9":0,"10":0,"11":0,"12":0,"13":0,"14":0,"15":0,"16":0,"17":0,"18":0,"19":0,"20":9,"21":0,"22":0,"23":0},"fnMap":{"1":{"name":"initAndLoad","line":24,"loc":{"start":{"line":24,"column":20},"end":{"line":24,"column":61}}},"2":{"name":"init","line":38,"loc":{"start":{"line":38,"column":13},"end":{"line":38,"column":32}}},"3":{"name":"(anonymous_3)","line":46,"loc":{"start":{"line":46,"column":23},"end":{"line":46,"column":38}}},"4":{"name":"(anonymous_4)","line":51,"loc":{"start":{"line":51,"column":13},"end":{"line":51,"column":25}}},"5":{"name":"(anonymous_5)","line":52,"loc":{"start":{"line":52,"column":13},"end":{"line":52,"column":25}}},"6":{"name":"draw","line":70,"loc":{"start":{"line":70,"column":13},"end":{"line":70,"column":29}}},"7":{"name":"(anonymous_7)","line":79,"loc":{"start":{"line":79,"column":31},"end":{"line":79,"column":42}}},"8":{"name":"(anonymous_8)","line":82,"loc":{"start":{"line":82,"column":27},"end":{"line":82,"column":40}}},"9":{"name":"(anonymous_9)","line":83,"loc":{"start":{"line":83,"column":18},"end":{"line":83,"column":29}}},"10":{"name":"(anonymous_10)","line":88,"loc":{"start":{"line":88,"column":18},"end":{"line":88,"column":29}}},"11":{"name":"(anonymous_11)","line":91,"loc":{"start":{"line":91,"column":25},"end":{"line":91,"column":38}}},"12":{"name":"(anonymous_12)","line":102,"loc":{"start":{"line":102,"column":31},"end":{"line":102,"column":45}}},"13":{"name":"(anonymous_13)","line":103,"loc":{"start":{"line":103,"column":28},"end":{"line":103,"column":42}}},"14":{"name":"(anonymous_14)","line":107,"loc":{"start":{"line":107,"column":18},"end":{"line":107,"column":29}}},"15":{"name":"(anonymous_15)","line":113,"loc":{"start":{"line":113,"column":18},"end":{"line":113,"column":29}}},"16":{"name":"(anonymous_16)","line":116,"loc":{"start":{"line":116,"column":31},"end":{"line":116,"column":44}}},"17":{"name":"(anonymous_17)","line":118,"loc":{"start":{"line":118,"column":22},"end":{"line":118,"column":33}}},"18":{"name":"(anonymous_18)","line":121,"loc":{"start":{"line":121,"column":35},"end":{"line":121,"column":46}}},"19":{"name":"(anonymous_19)","line":122,"loc":{"start":{"line":122,"column":26},"end":{"line":122,"column":37}}},"20":{"name":"requestCalendar","line":126,"loc":{"start":{"line":126,"column":24},"end":{"line":126,"column":68}}},"21":{"name":"showCalendar","line":154,"loc":{"start":{"line":154,"column":21},"end":{"line":154,"column":57}}},"22":{"name":"(anonymous_22)","line":170,"loc":{"start":{"line":170,"column":45},"end":{"line":170,"column":56}}},"23":{"name":"(anonymous_23)","line":173,"loc":{"start":{"line":173,"column":41},"end":{"line":173,"column":52}}}},"statementMap":{"1":{"start":{"line":1,"column":0},"end":{"line":2,"column":42}},"2":{"start":{"line":4,"column":0},"end":{"line":12,"column":49}},"3":{"start":{"line":15,"column":0},"end":{"line":21,"column":11}},"4":{"start":{"line":24,"column":0},"end":{"line":35,"column":1}},"5":{"start":{"line":25,"column":4},"end":{"line":25,"column":14}},"6":{"start":{"line":26,"column":4},"end":{"line":26,"column":10}},"7":{"start":{"line":27,"column":4},"end":{"line":34,"column":5}},"8":{"start":{"line":28,"column":8},"end":{"line":28,"column":52}},"9":{"start":{"line":29,"column":8},"end":{"line":29,"column":55}},"10":{"start":{"line":30,"column":8},"end":{"line":30,"column":60}},"11":{"start":{"line":33,"column":8},"end":{"line":33,"column":39}},"12":{"start":{"line":38,"column":0},"end":{"line":67,"column":1}},"13":{"start":{"line":40,"column":4},"end":{"line":40,"column":39}},"14":{"start":{"line":41,"column":4},"end":{"line":41,"column":50}},"15":{"start":{"line":42,"column":4},"end":{"line":42,"column":24}},"16":{"start":{"line":43,"column":4},"end":{"line":43,"column":27}},"17":{"start":{"line":45,"column":4},"end":{"line":45,"column":18}},"18":{"start":{"line":46,"column":4},"end":{"line":48,"column":6}},"19":{"start":{"line":47,"column":8},"end":{"line":47,"column":68}},"20":{"start":{"line":50,"column":4},"end":{"line":53,"column":25}},"21":{"start":{"line":51,"column":27},"end":{"line":51,"column":58}},"22":{"start":{"line":52,"column":27},"end":{"line":52,"column":53}},"23":{"start":{"line":55,"column":4},"end":{"line":55,"column":72}},"24":{"start":{"line":70,"column":0},"end":{"line":123,"column":1}},"25":{"start":{"line":72,"column":8},"end":{"line":79,"column":81}},"26":{"start":{"line":79,"column":44},"end":{"line":79,"column":79}},"27":{"start":{"line":80,"column":8},"end":{"line":83,"column":58}},"28":{"start":{"line":82,"column":42},"end":{"line":82,"column":131}},"29":{"start":{"line":83,"column":31},"end":{"line":83,"column":56}},"30":{"start":{"line":85,"column":8},"end":{"line":88,"column":78}},"31":{"start":{"line":88,"column":31},"end":{"line":88,"column":76}},"32":{"start":{"line":90,"column":8},"end":{"line":94,"column":14}},"33":{"start":{"line":92,"column":16},"end":{"line":92,"column":61}},"34":{"start":{"line":93,"column":16},"end":{"line":93,"column":64}},"35":{"start":{"line":97,"column":8},"end":{"line":103,"column":67}},"36":{"start":{"line":102,"column":47},"end":{"line":102,"column":72}},"37":{"start":{"line":103,"column":44},"end":{"line":103,"column":64}},"38":{"start":{"line":105,"column":8},"end":{"line":107,"column":88}},"39":{"start":{"line":107,"column":31},"end":{"line":107,"column":86}},"40":{"start":{"line":109,"column":8},"end":{"line":122,"column":71}},"41":{"start":{"line":113,"column":31},"end":{"line":113,"column":47}},"42":{"start":{"line":116,"column":46},"end":{"line":116,"column":118}},"43":{"start":{"line":118,"column":35},"end":{"line":118,"column":51}},"44":{"start":{"line":121,"column":48},"end":{"line":121,"column":179}},"45":{"start":{"line":122,"column":39},"end":{"line":122,"column":69}},"46":{"start":{"line":126,"column":0},"end":{"line":152,"column":1}},"47":{"start":{"line":128,"column":4},"end":{"line":128,"column":21}},"48":{"start":{"line":130,"column":4},"end":{"line":145,"column":5}},"49":{"start":{"line":131,"column":8},"end":{"line":131,"column":31}},"50":{"start":{"line":133,"column":10},"end":{"line":145,"column":5}},"51":{"start":{"line":134,"column":8},"end":{"line":134,"column":35}},"52":{"start":{"line":137,"column":8},"end":{"line":141,"column":9}},"53":{"start":{"line":139,"column":12},"end":{"line":139,"column":63}},"54":{"start":{"line":140,"column":12},"end":{"line":140,"column":72}},"55":{"start":{"line":144,"column":8},"end":{"line":144,"column":31}},"56":{"start":{"line":147,"column":4},"end":{"line":147,"column":92}},"57":{"start":{"line":147,"column":67},"end":{"line":147,"column":92}},"58":{"start":{"line":148,"column":4},"end":{"line":150,"column":5}},"59":{"start":{"line":149,"column":8},"end":{"line":149,"column":35}},"60":{"start":{"line":151,"column":4},"end":{"line":151,"column":23}},"61":{"start":{"line":154,"column":0},"end":{"line":166,"column":1}},"62":{"start":{"line":156,"column":4},"end":{"line":156,"column":59}},"63":{"start":{"line":157,"column":4},"end":{"line":157,"column":86}},"64":{"start":{"line":158,"column":4},"end":{"line":158,"column":77}},"65":{"start":{"line":160,"column":4},"end":{"line":160,"column":88}},"66":{"start":{"line":161,"column":4},"end":{"line":161,"column":78}},"67":{"start":{"line":164,"column":4},"end":{"line":164,"column":106}},"68":{"start":{"line":170,"column":0},"end":{"line":172,"column":13}},"69":{"start":{"line":171,"column":8},"end":{"line":171,"column":55}},"70":{"start":{"line":173,"column":0},"end":{"line":175,"column":13}},"71":{"start":{"line":174,"column":8},"end":{"line":174,"column":51}},"72":{"start":{"line":177,"column":0},"end":{"line":177,"column":28}},"73":{"start":{"line":178,"column":0},"end":{"line":178,"column":26}},"74":{"start":{"line":179,"column":0},"end":{"line":179,"column":26}},"75":{"start":{"line":180,"column":0},"end":{"line":180,"column":48}},"76":{"start":{"line":181,"column":0},"end":{"line":181,"column":42}}},"branchMap":{"1":{"line":27,"type":"if","locations":[{"start":{"line":27,"column":4},"end":{"line":27,"column":4}},{"start":{"line":27,"column":4},"end":{"line":27,"column":4}}]},"2":{"line":27,"type":"binary-expr","locations":[{"start":{"line":27,"column":7},"end":{"line":27,"column":20}},{"start":{"line":27,"column":24},"end":{"line":27,"column":47}}]},"3":{"line":82,"type":"cond-expr","locations":[{"start":{"line":82,"column":89},"end":{"line":82,"column":105}},{"start":{"line":82,"column":107},"end":{"line":82,"column":130}}]},"4":{"line":82,"type":"binary-expr","locations":[{"start":{"line":82,"column":50},"end":{"line":82,"column":56}},{"start":{"line":82,"column":60},"end":{"line":82,"column":85}}]},"5":{"line":116,"type":"cond-expr","locations":[{"start":{"line":116,"column":64},"end":{"line":116,"column":99}},{"start":{"line":116,"column":102},"end":{"line":116,"column":117}}]},"6":{"line":121,"type":"cond-expr","locations":[{"start":{"line":121,"column":105},"end":{"line":121,"column":150}},{"start":{"line":121,"column":153},"end":{"line":121,"column":178}}]},"7":{"line":130,"type":"if","locations":[{"start":{"line":130,"column":4},"end":{"line":130,"column":4}},{"start":{"line":130,"column":4},"end":{"line":130,"column":4}}]},"8":{"line":133,"type":"if","locations":[{"start":{"line":133,"column":10},"end":{"line":133,"column":10}},{"start":{"line":133,"column":10},"end":{"line":133,"column":10}}]},"9":{"line":133,"type":"binary-expr","locations":[{"start":{"line":133,"column":13},"end":{"line":133,"column":37}},{"start":{"line":133,"column":41},"end":{"line":133,"column":61}}]},"10":{"line":137,"type":"if","locations":[{"start":{"line":137,"column":8},"end":{"line":137,"column":8}},{"start":{"line":137,"column":8},"end":{"line":137,"column":8}}]},"11":{"line":137,"type":"binary-expr","locations":[{"start":{"line":137,"column":11},"end":{"line":137,"column":119}},{"start":{"line":138,"column":11},"end":{"line":138,"column":130}}]},"12":{"line":137,"type":"binary-expr","locations":[{"start":{"line":137,"column":13},"end":{"line":137,"column":88}},{"start":{"line":137,"column":93},"end":{"line":137,"column":117}}]},"13":{"line":138,"type":"binary-expr","locations":[{"start":{"line":138,"column":13},"end":{"line":138,"column":103}},{"start":{"line":138,"column":108},"end":{"line":138,"column":128}}]},"14":{"line":139,"type":"cond-expr","locations":[{"start":{"line":139,"column":57},"end":{"line":139,"column":59}},{"start":{"line":139,"column":62},"end":{"line":139,"column":63}}]},"15":{"line":147,"type":"if","locations":[{"start":{"line":147,"column":4},"end":{"line":147,"column":4}},{"start":{"line":147,"column":4},"end":{"line":147,"column":4}}]},"16":{"line":147,"type":"binary-expr","locations":[{"start":{"line":147,"column":10},"end":{"line":147,"column":36}},{"start":{"line":147,"column":40},"end":{"line":147,"column":64}}]},"17":{"line":148,"type":"if","locations":[{"start":{"line":148,"column":4},"end":{"line":148,"column":4}},{"start":{"line":148,"column":4},"end":{"line":148,"column":4}}]}}}}