TN:
SF:/Users/ototoi/Documents/Code/planning/models/connection.js
FN:11,listenToConnectionOpen
FNF:1
FNH:0
FNDA:0,listenToConnectionOpen
DA:1,1
DA:3,1
DA:5,1
DA:7,1
DA:8,0
DA:11,1
DA:12,0
DA:13,0
LF:8
LH:5
BRDA:3,1,0,1
BRDA:3,1,1,0
BRDA:12,2,0,0
BRDA:12,2,1,0
BRF:4
BRH:1
end_of_record
TN:
SF:/Users/ototoi/Documents/Code/planning/models/day.js
FN:16,findOrCreate
FN:24,getDay
FN:28,getDays
FN:32,getFirstDay
FN:36,getLastDay
FN:40,configCalendar
FN:85,updateDay
FNF:7
FNH:6
FNDA:1,findOrCreate
FNDA:1,getDay
FNDA:2,getDays
FNDA:1,getFirstDay
FNDA:1,getLastDay
FNDA:2,configCalendar
FNDA:0,updateDay
DA:1,1
DA:6,1
DA:8,1
DA:16,1
DA:17,1
DA:24,1
DA:25,1
DA:28,1
DA:29,2
DA:32,1
DA:33,1
DA:36,1
DA:37,1
DA:40,1
DA:42,2
DA:44,2
DA:46,2
DA:48,2
DA:51,2
DA:53,2
DA:56,1458
DA:59,1458
DA:61,0
DA:63,0
DA:64,0
DA:65,0
DA:66,0
DA:67,0
DA:68,0
DA:69,0
DA:70,0
DA:71,0
DA:73,0
DA:80,1458
DA:82,2
DA:85,1
DA:86,0
DA:92,1
DA:94,1
LF:39
LH:27
BRDA:59,1,0,0
BRDA:59,1,1,1458
BRDA:64,2,0,0
BRDA:64,2,1,0
BRDA:64,3,0,0
BRDA:64,3,1,0
BRDA:66,4,0,0
BRDA:66,4,1,0
BRDA:66,5,0,0
BRDA:66,5,1,0
BRDA:68,6,0,0
BRDA:68,6,1,0
BRDA:69,7,0,0
BRDA:69,7,1,0
BRDA:70,8,0,0
BRDA:70,8,1,0
BRDA:70,9,0,0
BRDA:70,9,1,0
BRF:18
BRH:1
end_of_record
TN:
SF:/Users/ototoi/Documents/Code/planning/browser/scripts/calendar.js
FN:24,initAndLoad
FN:38,init
FN:46,(anonymous_3)
FN:51,(anonymous_4)
FN:52,(anonymous_5)
FN:70,draw
FN:79,(anonymous_7)
FN:82,(anonymous_8)
FN:83,(anonymous_9)
FN:88,(anonymous_10)
FN:91,(anonymous_11)
FN:102,(anonymous_12)
FN:103,(anonymous_13)
FN:107,(anonymous_14)
FN:113,(anonymous_15)
FN:116,(anonymous_16)
FN:118,(anonymous_17)
FN:121,(anonymous_18)
FN:122,(anonymous_19)
FN:126,requestCalendar
FN:154,showCalendar
FN:170,(anonymous_22)
FN:173,(anonymous_23)
FNF:23
FNH:5
FNDA:0,initAndLoad
FNDA:1,init
FNDA:729,(anonymous_3)
FNDA:729,(anonymous_4)
FNDA:729,(anonymous_5)
FNDA:0,draw
FNDA:0,(anonymous_7)
FNDA:0,(anonymous_8)
FNDA:0,(anonymous_9)
FNDA:0,(anonymous_10)
FNDA:0,(anonymous_11)
FNDA:0,(anonymous_12)
FNDA:0,(anonymous_13)
FNDA:0,(anonymous_14)
FNDA:0,(anonymous_15)
FNDA:0,(anonymous_16)
FNDA:0,(anonymous_17)
FNDA:0,(anonymous_18)
FNDA:0,(anonymous_19)
FNDA:9,requestCalendar
FNDA:0,showCalendar
FNDA:0,(anonymous_22)
FNDA:0,(anonymous_23)
DA:1,1
DA:4,1
DA:15,1
DA:24,1
DA:25,0
DA:26,0
DA:27,0
DA:28,0
DA:29,0
DA:30,0
DA:33,0
DA:38,1
DA:40,1
DA:41,1
DA:42,1
DA:43,1
DA:45,1
DA:46,1
DA:47,729
DA:50,1
DA:51,729
DA:52,729
DA:55,1
DA:70,1
DA:72,0
DA:79,0
DA:80,0
DA:82,0
DA:83,0
DA:85,0
DA:88,0
DA:90,0
DA:92,0
DA:93,0
DA:97,0
DA:102,0
DA:103,0
DA:105,0
DA:107,0
DA:109,0
DA:113,0
DA:116,0
DA:118,0
DA:121,0
DA:122,0
DA:126,1
DA:128,9
DA:130,9
DA:131,5
DA:133,4
DA:134,4
DA:137,4
DA:139,2
DA:140,2
DA:144,0
DA:147,9
DA:148,9
DA:149,5
DA:151,9
DA:154,1
DA:156,0
DA:157,0
DA:158,0
DA:160,0
DA:161,0
DA:164,0
DA:170,1
DA:171,0
DA:173,1
DA:174,0
DA:177,1
DA:178,1
DA:179,1
DA:180,1
DA:181,1
LF:75
LH:38
BRDA:27,1,0,0
BRDA:27,1,1,0
BRDA:27,2,0,0
BRDA:27,2,1,0
BRDA:82,3,0,0
BRDA:82,3,1,0
BRDA:82,4,0,0
BRDA:82,4,1,0
BRDA:116,5,0,0
BRDA:116,5,1,0
BRDA:121,6,0,0
BRDA:121,6,1,0
BRDA:130,7,0,5
BRDA:130,7,1,4
BRDA:133,8,0,4
BRDA:133,8,1,0
BRDA:133,9,0,4
BRDA:133,9,1,2
BRDA:137,10,0,2
BRDA:137,10,1,2
BRDA:137,11,0,4
BRDA:137,11,1,3
BRDA:137,12,0,4
BRDA:137,12,1,2
BRDA:138,13,0,3
BRDA:138,13,1,1
BRDA:139,14,0,1
BRDA:139,14,1,1
BRDA:147,15,0,1
BRDA:147,15,1,8
BRDA:147,16,0,9
BRDA:147,16,1,9
BRDA:148,17,0,5
BRDA:148,17,1,4
BRF:34
BRH:21
end_of_record
